<?xml version="1.0" encoding="UTF-8"?>
<coverage generated="1763812301122" clover="3.2.0">
  <project timestamp="1763812301122" name="All files">
    <metrics statements="134" coveredstatements="114" conditionals="56" coveredconditionals="51" methods="51" coveredmethods="46" elements="241" coveredelements="211" complexity="0" loc="134" ncloc="134" packages="3" files="9" classes="9"/>
    <package name="app">
      <metrics statements="10" coveredstatements="0" conditionals="0" coveredconditionals="0" methods="2" coveredmethods="0"/>
      <file name="layout.tsx" path="/home/runner/work/studybuddy-workshop/studybuddy-workshop/frontend/app/layout.tsx">
        <metrics statements="7" coveredstatements="0" conditionals="0" coveredconditionals="0" methods="1" coveredmethods="0"/>
        <line num="3" count="0" type="stmt"/>
        <line num="4" count="0" type="stmt"/>
        <line num="5" count="0" type="stmt"/>
        <line num="7" count="0" type="stmt"/>
        <line num="8" count="0" type="stmt"/>
        <line num="10" count="0" type="stmt"/>
        <line num="33" count="0" type="stmt"/>
      </file>
      <file name="page.tsx" path="/home/runner/work/studybuddy-workshop/studybuddy-workshop/frontend/app/page.tsx">
        <metrics statements="3" coveredstatements="0" conditionals="0" coveredconditionals="0" methods="1" coveredmethods="0"/>
        <line num="1" count="0" type="stmt"/>
        <line num="3" count="0" type="stmt"/>
        <line num="4" count="0" type="stmt"/>
      </file>
    </package>
    <package name="components">
      <metrics statements="100" coveredstatements="94" conditionals="46" coveredconditionals="41" methods="44" coveredmethods="42"/>
      <file name="add-task-form.tsx" path="/home/runner/work/studybuddy-workshop/studybuddy-workshop/frontend/components/add-task-form.tsx">
        <metrics statements="23" coveredstatements="23" conditionals="13" coveredconditionals="11" methods="10" coveredmethods="10"/>
        <line num="4" count="2" type="stmt"/>
        <line num="6" count="2" type="stmt"/>
        <line num="12" count="47" type="stmt"/>
        <line num="13" count="165" type="stmt"/>
        <line num="14" count="165" type="stmt"/>
        <line num="16" count="165" type="stmt"/>
        <line num="22" count="165" type="stmt"/>
        <line num="23" count="4" type="stmt"/>
        <line num="24" count="4" type="cond" truecount="4" falsecount="1"/>
        <line num="26" count="4" type="stmt"/>
        <line num="27" count="4" type="cond" truecount="3" falsecount="1"/>
        <line num="29" count="4" type="stmt"/>
        <line num="30" count="4" type="stmt"/>
        <line num="31" count="4" type="stmt"/>
        <line num="38" count="4" type="stmt"/>
        <line num="39" count="4" type="stmt"/>
        <line num="41" count="4" type="stmt"/>
        <line num="45" count="165" type="cond" truecount="2" falsecount="0"/>
        <line num="48" count="9" type="stmt"/>
        <line num="67" count="1" type="stmt"/>
        <line num="85" count="57" type="stmt"/>
        <line num="103" count="33" type="stmt"/>
        <line num="127" count="11" type="stmt"/>
      </file>
      <file name="study-dashboard.tsx" path="/home/runner/work/studybuddy-workshop/studybuddy-workshop/frontend/components/study-dashboard.tsx">
        <metrics statements="61" coveredstatements="59" conditionals="15" coveredconditionals="12" methods="25" coveredmethods="25"/>
        <line num="3" count="1" type="stmt"/>
        <line num="5" count="1" type="stmt"/>
        <line num="6" count="1" type="stmt"/>
        <line num="7" count="1" type="stmt"/>
        <line num="8" count="1" type="stmt"/>
        <line num="9" count="1" type="stmt"/>
        <line num="11" count="15" type="stmt"/>
        <line num="13" count="38" type="stmt"/>
        <line num="14" count="38" type="stmt"/>
        <line num="15" count="38" type="stmt"/>
        <line num="17" count="38" type="stmt"/>
        <line num="18" count="38" type="stmt"/>
        <line num="19" count="38" type="stmt"/>
        <line num="22" count="38" type="stmt"/>
        <line num="23" count="15" type="stmt"/>
        <line num="27" count="16" type="stmt"/>
        <line num="28" count="16" type="stmt"/>
        <line num="29" count="16" type="stmt"/>
        <line num="30" count="13" type="stmt"/>
        <line num="31" count="13" type="stmt"/>
        <line num="33" count="2" type="stmt"/>
        <line num="35" count="15" type="stmt"/>
        <line num="40" count="38" type="stmt"/>
        <line num="41" count="1" type="stmt"/>
        <line num="43" count="1" type="stmt"/>
        <line num="44" count="1" type="stmt"/>
        <line num="46" count="0" type="stmt"/>
        <line num="50" count="38" type="stmt"/>
        <line num="51" count="1" type="stmt"/>
        <line num="52" count="1" type="stmt"/>
        <line num="53" count="1" type="stmt"/>
        <line num="54" count="1" type="cond" truecount="1" falsecount="1"/>
        <line num="56" count="0" type="stmt"/>
        <line num="58" count="1" type="stmt"/>
        <line num="59" count="1" type="stmt"/>
        <line num="60" count="1" type="stmt"/>
        <line num="61" count="1" type="stmt"/>
        <line num="66" count="38" type="stmt"/>
        <line num="67" count="1" type="cond" truecount="1" falsecount="1"/>
        <line num="68" count="1" type="stmt"/>
        <line num="69" count="1" type="stmt"/>
        <line num="70" count="1" type="stmt"/>
        <line num="71" count="1" type="stmt"/>
        <line num="73" count="1" type="stmt"/>
        <line num="74" count="1" type="stmt"/>
        <line num="75" count="1" type="stmt"/>
        <line num="76" count="1" type="stmt"/>
        <line num="82" count="38" type="stmt"/>
        <line num="83" count="35" type="cond" truecount="2" falsecount="0"/>
        <line num="84" count="4" type="stmt"/>
        <line num="87" count="38" type="stmt"/>
        <line num="88" count="31" type="cond" truecount="2" falsecount="0"/>
        <line num="89" count="3" type="stmt"/>
        <line num="91" count="28" type="stmt"/>
        <line num="95" count="38" type="stmt"/>
        <line num="97" count="35" type="stmt"/>
        <line num="98" count="35" type="stmt"/>
        <line num="99" count="35" type="stmt"/>
        <line num="100" count="35" type="stmt"/>
        <line num="198" count="1" type="cond" truecount="1" falsecount="1"/>
        <line num="230" count="32" type="stmt"/>
      </file>
      <file name="task-card.tsx" path="/home/runner/work/studybuddy-workshop/studybuddy-workshop/frontend/components/task-card.tsx">
        <metrics statements="8" coveredstatements="7" conditionals="13" coveredconditionals="13" methods="5" coveredmethods="4"/>
        <line num="3" count="2" type="stmt"/>
        <line num="12" count="45" type="stmt"/>
        <line num="13" count="45" type="stmt"/>
        <line num="19" count="45" type="stmt"/>
        <line num="40" count="3" type="stmt"/>
        <line num="73" count="0" type="stmt"/>
        <line num="81" count="2" type="stmt"/>
        <line num="89" count="1" type="stmt"/>
      </file>
      <file name="task-filters.tsx" path="/home/runner/work/studybuddy-workshop/studybuddy-workshop/frontend/components/task-filters.tsx">
        <metrics statements="5" coveredstatements="5" conditionals="5" coveredconditionals="5" methods="3" coveredmethods="3"/>
        <line num="3" count="2" type="stmt"/>
        <line num="12" count="47" type="stmt"/>
        <line num="13" count="47" type="stmt"/>
        <line num="25" count="188" type="stmt"/>
        <line num="27" count="7" type="stmt"/>
      </file>
      <file name="theme-provider.tsx" path="/home/runner/work/studybuddy-workshop/studybuddy-workshop/frontend/components/theme-provider.tsx">
        <metrics statements="3" coveredstatements="0" conditionals="0" coveredconditionals="0" methods="1" coveredmethods="0"/>
        <line num="3" count="0" type="stmt"/>
        <line num="7" count="0" type="stmt"/>
        <line num="9" count="0" type="stmt"/>
      </file>
    </package>
    <package name="lib">
      <metrics statements="24" coveredstatements="20" conditionals="10" coveredconditionals="10" methods="5" coveredmethods="4"/>
      <file name="api.ts" path="/home/runner/work/studybuddy-workshop/studybuddy-workshop/frontend/lib/api.ts">
        <metrics statements="20" coveredstatements="20" conditionals="10" coveredconditionals="10" methods="4" coveredmethods="4"/>
        <line num="3" count="2" type="cond" truecount="2" falsecount="0"/>
        <line num="7" count="3" type="stmt"/>
        <line num="8" count="2" type="stmt"/>
        <line num="9" count="2" type="cond" truecount="2" falsecount="0"/>
        <line num="10" count="1" type="stmt"/>
        <line num="12" count="1" type="stmt"/>
        <line num="15" count="3" type="stmt"/>
        <line num="16" count="2" type="stmt"/>
        <line num="24" count="2" type="cond" truecount="2" falsecount="0"/>
        <line num="25" count="1" type="stmt"/>
        <line num="28" count="1" type="stmt"/>
        <line num="31" count="3" type="stmt"/>
        <line num="32" count="2" type="stmt"/>
        <line num="40" count="2" type="cond" truecount="2" falsecount="0"/>
        <line num="41" count="1" type="stmt"/>
        <line num="44" count="1" type="stmt"/>
        <line num="47" count="3" type="stmt"/>
        <line num="48" count="2" type="stmt"/>
        <line num="52" count="2" type="cond" truecount="2" falsecount="0"/>
        <line num="53" count="1" type="stmt"/>
      </file>
      <file name="utils.ts" path="/home/runner/work/studybuddy-workshop/studybuddy-workshop/frontend/lib/utils.ts">
        <metrics statements="4" coveredstatements="0" conditionals="0" coveredconditionals="0" methods="1" coveredmethods="0"/>
        <line num="1" count="0" type="stmt"/>
        <line num="2" count="0" type="stmt"/>
        <line num="4" count="0" type="stmt"/>
        <line num="5" count="0" type="stmt"/>
      </file>
    </package>
  </project>
</coverage>
