{"/home/runner/work/studybuddy-workshop/studybuddy-workshop/frontend/app/layout.tsx": {"path":"/home/runner/work/studybuddy-workshop/studybuddy-workshop/frontend/app/layout.tsx","statementMap":{"0":{"start":{"line":33,"column":24},"end":{"line":33,"column":35}},"1":{"start":{"line":10,"column":13},"end":{"line":10,"column":34}},"2":{"start":{"line":3,"column":34},"end":{"line":3,"column":null}},"3":{"start":{"line":4,"column":26},"end":{"line":4,"column":null}},"4":{"start":{"line":5,"column":7},"end":{"line":5,"column":null}},"5":{"start":{"line":7,"column":15},"end":{"line":7,"column":null}},"6":{"start":{"line":8,"column":19},"end":{"line":8,"column":null}},"7":{"start":{"line":10,"column":34},"end":{"line":31,"column":null}}},"fnMap":{"0":{"name":"RootLayout","decl":{"start":{"line":33,"column":24},"end":{"line":33,"column":35}},"loc":{"start":{"line":37,"column":2},"end":{"line":46,"column":null}}}},"branchMap":{},"s":{"0":0,"1":0,"2":0,"3":0,"4":0,"5":0,"6":0,"7":0},"f":{"0":0},"b":{}}
,"/home/runner/work/studybuddy-workshop/studybuddy-workshop/frontend/app/page.tsx": {"path":"/home/runner/work/studybuddy-workshop/studybuddy-workshop/frontend/app/page.tsx","statementMap":{"0":{"start":{"line":3,"column":24},"end":{"line":3,"column":null}},"1":{"start":{"line":1,"column":31},"end":{"line":1,"column":null}},"2":{"start":{"line":4,"column":2},"end":{"line":4,"column":null}}},"fnMap":{"0":{"name":"Page","decl":{"start":{"line":3,"column":24},"end":{"line":3,"column":null}},"loc":{"start":{"line":3,"column":24},"end":{"line":5,"column":null}}}},"branchMap":{},"s":{"0":0,"1":0,"2":0},"f":{"0":0},"b":{}}
,"/home/runner/work/studybuddy-workshop/studybuddy-workshop/frontend/components/add-task-form.tsx": {"path":"/home/runner/work/studybuddy-workshop/studybuddy-workshop/frontend/components/add-task-form.tsx","statementMap":{"0":{"start":{"line":12,"column":16},"end":{"line":12,"column":28}},"1":{"start":{"line":4,"column":25},"end":{"line":4,"column":null}},"2":{"start":{"line":6,"column":33},"end":{"line":6,"column":null}},"3":{"start":{"line":13,"column":38},"end":{"line":13,"column":null}},"4":{"start":{"line":14,"column":42},"end":{"line":14,"column":null}},"5":{"start":{"line":16,"column":34},"end":{"line":20,"column":null}},"6":{"start":{"line":22,"column":23},"end":{"line":43,"column":null}},"7":{"start":{"line":23,"column":4},"end":{"line":23,"column":null}},"8":{"start":{"line":24,"column":4},"end":{"line":24,"column":null}},"9":{"start":{"line":24,"column":76},"end":{"line":24,"column":null}},"10":{"start":{"line":26,"column":20},"end":{"line":26,"column":null}},"11":{"start":{"line":27,"column":4},"end":{"line":27,"column":null}},"12":{"start":{"line":27,"column":40},"end":{"line":27,"column":null}},"13":{"start":{"line":29,"column":4},"end":{"line":29,"column":null}},"14":{"start":{"line":30,"column":4},"end":{"line":42,"column":null}},"15":{"start":{"line":31,"column":6},"end":{"line":35,"column":null}},"16":{"start":{"line":38,"column":6},"end":{"line":38,"column":null}},"17":{"start":{"line":39,"column":6},"end":{"line":39,"column":null}},"18":{"start":{"line":41,"column":6},"end":{"line":41,"column":null}},"19":{"start":{"line":45,"column":2},"end":{"line":60,"column":null}},"20":{"start":{"line":48,"column":23},"end":{"line":48,"column":null}},"21":{"start":{"line":67,"column":25},"end":{"line":67,"column":null}},"22":{"start":{"line":85,"column":29},"end":{"line":85,"column":null}},"23":{"start":{"line":85,"column":52},"end":{"line":85,"column":null}},"24":{"start":{"line":103,"column":31},"end":{"line":103,"column":null}},"25":{"start":{"line":103,"column":54},"end":{"line":103,"column":null}},"26":{"start":{"line":127,"column":31},"end":{"line":127,"column":null}},"27":{"start":{"line":127,"column":54},"end":{"line":127,"column":null}}},"fnMap":{"0":{"name":"AddTaskForm","decl":{"start":{"line":12,"column":16},"end":{"line":12,"column":28}},"loc":{"start":{"line":12,"column":59},"end":{"line":150,"column":null}}},"1":{"name":"(anonymous_2)","decl":{"start":{"line":22,"column":23},"end":{"line":22,"column":30}},"loc":{"start":{"line":22,"column":30},"end":{"line":43,"column":null}}},"2":{"name":"(anonymous_3)","decl":{"start":{"line":48,"column":17},"end":{"line":48,"column":23}},"loc":{"start":{"line":48,"column":23},"end":{"line":48,"column":null}}},"3":{"name":"(anonymous_4)","decl":{"start":{"line":67,"column":19},"end":{"line":67,"column":25}},"loc":{"start":{"line":67,"column":25},"end":{"line":67,"column":null}}},"4":{"name":"(anonymous_5)","decl":{"start":{"line":85,"column":22},"end":{"line":85,"column":23}},"loc":{"start":{"line":85,"column":29},"end":{"line":85,"column":null}}},"5":{"name":"(anonymous_6)","decl":{"start":{"line":85,"column":41},"end":{"line":85,"column":42}},"loc":{"start":{"line":85,"column":52},"end":{"line":85,"column":null}}},"6":{"name":"(anonymous_7)","decl":{"start":{"line":103,"column":24},"end":{"line":103,"column":25}},"loc":{"start":{"line":103,"column":31},"end":{"line":103,"column":null}}},"7":{"name":"(anonymous_8)","decl":{"start":{"line":103,"column":43},"end":{"line":103,"column":44}},"loc":{"start":{"line":103,"column":54},"end":{"line":103,"column":null}}},"8":{"name":"(anonymous_9)","decl":{"start":{"line":127,"column":24},"end":{"line":127,"column":25}},"loc":{"start":{"line":127,"column":31},"end":{"line":127,"column":null}}},"9":{"name":"(anonymous_10)","decl":{"start":{"line":127,"column":43},"end":{"line":127,"column":44}},"loc":{"start":{"line":127,"column":54},"end":{"line":127,"column":null}}}},"branchMap":{"0":{"loc":{"start":{"line":24,"column":4},"end":{"line":24,"column":null}},"type":"if","locations":[{"start":{"line":24,"column":4},"end":{"line":24,"column":null}},{"start":{},"end":{}}]},"1":{"loc":{"start":{"line":24,"column":8},"end":{"line":24,"column":74}},"type":"binary-expr","locations":[{"start":{"line":24,"column":8},"end":{"line":24,"column":23}},{"start":{"line":24,"column":27},"end":{"line":24,"column":44}},{"start":{"line":24,"column":48},"end":{"line":24,"column":74}}]},"2":{"loc":{"start":{"line":27,"column":4},"end":{"line":27,"column":null}},"type":"if","locations":[{"start":{"line":27,"column":4},"end":{"line":27,"column":null}},{"start":{},"end":{}}]},"3":{"loc":{"start":{"line":27,"column":8},"end":{"line":27,"column":40}},"type":"binary-expr","locations":[{"start":{"line":27,"column":8},"end":{"line":27,"column":26}},{"start":{"line":27,"column":26},"end":{"line":27,"column":40}}]},"4":{"loc":{"start":{"line":45,"column":2},"end":{"line":60,"column":null}},"type":"if","locations":[{"start":{"line":45,"column":2},"end":{"line":60,"column":null}},{"start":{},"end":{}}]},"5":{"loc":{"start":{"line":138,"column":11},"end":{"line":144,"column":null}},"type":"cond-expr","locations":[{"start":{"line":139,"column":12},"end":{"line":144,"column":null}},{"start":{"line":144,"column":12},"end":{"line":144,"column":null}}]}},"s":{"0":47,"1":2,"2":2,"3":165,"4":165,"5":165,"6":165,"7":4,"8":4,"9":0,"10":4,"11":4,"12":0,"13":4,"14":4,"15":4,"16":4,"17":4,"18":4,"19":165,"20":9,"21":1,"22":57,"23":57,"24":33,"25":33,"26":11,"27":11},"f":{"0":165,"1":4,"2":9,"3":1,"4":57,"5":57,"6":33,"7":33,"8":11,"9":11},"b":{"0":[0,4],"1":[4,4,4],"2":[0,4],"3":[4,4],"4":[51,114],"5":[4,110]}}
,"/home/runner/work/studybuddy-workshop/studybuddy-workshop/frontend/components/study-dashboard.tsx": {"path":"/home/runner/work/studybuddy-workshop/studybuddy-workshop/frontend/components/study-dashboard.tsx","statementMap":{"0":{"start":{"line":11,"column":16},"end":{"line":11,"column":null}},"1":{"start":{"line":3,"column":36},"end":{"line":3,"column":null}},"2":{"start":{"line":5,"column":69},"end":{"line":5,"column":null}},"3":{"start":{"line":6,"column":25},"end":{"line":6,"column":null}},"4":{"start":{"line":7,"column":28},"end":{"line":7,"column":null}},"5":{"start":{"line":8,"column":28},"end":{"line":8,"column":null}},"6":{"start":{"line":9,"column":62},"end":{"line":9,"column":null}},"7":{"start":{"line":13,"column":28},"end":{"line":13,"column":null}},"8":{"start":{"line":14,"column":36},"end":{"line":14,"column":null}},"9":{"start":{"line":15,"column":28},"end":{"line":15,"column":null}},"10":{"start":{"line":17,"column":30},"end":{"line":17,"column":null}},"11":{"start":{"line":18,"column":44},"end":{"line":18,"column":null}},"12":{"start":{"line":19,"column":48},"end":{"line":19,"column":null}},"13":{"start":{"line":22,"column":2},"end":{"line":24,"column":null}},"14":{"start":{"line":23,"column":4},"end":{"line":23,"column":null}},"15":{"start":{"line":27,"column":4},"end":{"line":36,"column":null}},"16":{"start":{"line":28,"column":6},"end":{"line":28,"column":null}},"17":{"start":{"line":29,"column":19},"end":{"line":29,"column":null}},"18":{"start":{"line":30,"column":6},"end":{"line":30,"column":null}},"19":{"start":{"line":31,"column":6},"end":{"line":31,"column":null}},"20":{"start":{"line":33,"column":6},"end":{"line":33,"column":null}},"21":{"start":{"line":35,"column":6},"end":{"line":35,"column":null}},"22":{"start":{"line":40,"column":24},"end":{"line":48,"column":null}},"23":{"start":{"line":41,"column":4},"end":{"line":47,"column":null}},"24":{"start":{"line":43,"column":22},"end":{"line":43,"column":null}},"25":{"start":{"line":44,"column":6},"end":{"line":44,"column":null}},"26":{"start":{"line":44,"column":25},"end":{"line":44,"column":null}},"27":{"start":{"line":46,"column":6},"end":{"line":46,"column":null}},"28":{"start":{"line":50,"column":29},"end":{"line":64,"column":null}},"29":{"start":{"line":51,"column":4},"end":{"line":51,"column":null}},"30":{"start":{"line":51,"column":33},"end":{"line":51,"column":null}},"31":{"start":{"line":52,"column":4},"end":{"line":63,"column":null}},"32":{"start":{"line":53,"column":26},"end":{"line":53,"column":null}},"33":{"start":{"line":54,"column":6},"end":{"line":54,"column":null}},"34":{"start":{"line":54,"column":25},"end":{"line":54,"column":null}},"35":{"start":{"line":54,"column":42},"end":{"line":54,"column":null}},"36":{"start":{"line":56,"column":6},"end":{"line":56,"column":null}},"37":{"start":{"line":58,"column":6},"end":{"line":62,"column":null}},"38":{"start":{"line":59,"column":21},"end":{"line":59,"column":null}},"39":{"start":{"line":60,"column":8},"end":{"line":60,"column":null}},"40":{"start":{"line":61,"column":8},"end":{"line":61,"column":null}},"41":{"start":{"line":66,"column":23},"end":{"line":79,"column":null}},"42":{"start":{"line":67,"column":4},"end":{"line":67,"column":null}},"43":{"start":{"line":67,"column":64},"end":{"line":67,"column":null}},"44":{"start":{"line":68,"column":4},"end":{"line":68,"column":null}},"45":{"start":{"line":68,"column":33},"end":{"line":68,"column":null}},"46":{"start":{"line":69,"column":4},"end":{"line":78,"column":null}},"47":{"start":{"line":70,"column":6},"end":{"line":70,"column":null}},"48":{"start":{"line":71,"column":6},"end":{"line":71,"column":null}},"49":{"start":{"line":71,"column":25},"end":{"line":71,"column":null}},"50":{"start":{"line":71,"column":44},"end":{"line":71,"column":null}},"51":{"start":{"line":73,"column":6},"end":{"line":77,"column":null}},"52":{"start":{"line":74,"column":21},"end":{"line":74,"column":null}},"53":{"start":{"line":75,"column":8},"end":{"line":75,"column":null}},"54":{"start":{"line":76,"column":8},"end":{"line":76,"column":null}},"55":{"start":{"line":82,"column":24},"end":{"line":85,"column":null}},"56":{"start":{"line":83,"column":4},"end":{"line":83,"column":null}},"57":{"start":{"line":83,"column":26},"end":{"line":83,"column":null}},"58":{"start":{"line":84,"column":4},"end":{"line":84,"column":null}},"59":{"start":{"line":87,"column":22},"end":{"line":92,"column":null}},"60":{"start":{"line":88,"column":4},"end":{"line":90,"column":null}},"61":{"start":{"line":89,"column":6},"end":{"line":89,"column":null}},"62":{"start":{"line":91,"column":4},"end":{"line":91,"column":null}},"63":{"start":{"line":95,"column":16},"end":{"line":101,"column":null}},"64":{"start":{"line":97,"column":30},"end":{"line":97,"column":51}},"65":{"start":{"line":98,"column":30},"end":{"line":98,"column":51}},"66":{"start":{"line":99,"column":36},"end":{"line":99,"column":64}},"67":{"start":{"line":100,"column":37},"end":{"line":100,"column":58}},"68":{"start":{"line":100,"column":77},"end":{"line":100,"column":101}},"69":{"start":{"line":198,"column":34},"end":{"line":198,"column":null}},"70":{"start":{"line":198,"column":62},"end":{"line":198,"column":null}},"71":{"start":{"line":230,"column":18},"end":{"line":231,"column":null}}},"fnMap":{"0":{"name":"StudyDashboard","decl":{"start":{"line":11,"column":16},"end":{"line":11,"column":null}},"loc":{"start":{"line":11,"column":16},"end":{"line":245,"column":null}}},"1":{"name":"(anonymous_2)","decl":{"start":{"line":22,"column":12},"end":{"line":22,"column":null}},"loc":{"start":{"line":22,"column":12},"end":{"line":24,"column":5}}},"2":{"name":"loadTasks","decl":{"start":{"line":26,"column":17},"end":{"line":26,"column":null}},"loc":{"start":{"line":26,"column":17},"end":{"line":37,"column":null}}},"3":{"name":"(anonymous_4)","decl":{"start":{"line":40,"column":24},"end":{"line":40,"column":31}},"loc":{"start":{"line":40,"column":31},"end":{"line":48,"column":null}}},"4":{"name":"(anonymous_5)","decl":{"start":{"line":44,"column":15},"end":{"line":44,"column":16}},"loc":{"start":{"line":44,"column":25},"end":{"line":44,"column":null}}},"5":{"name":"(anonymous_6)","decl":{"start":{"line":50,"column":29},"end":{"line":50,"column":36}},"loc":{"start":{"line":50,"column":48},"end":{"line":64,"column":null}}},"6":{"name":"(anonymous_7)","decl":{"start":{"line":51,"column":23},"end":{"line":51,"column":24}},"loc":{"start":{"line":51,"column":33},"end":{"line":51,"column":null}}},"7":{"name":"(anonymous_8)","decl":{"start":{"line":54,"column":15},"end":{"line":54,"column":16}},"loc":{"start":{"line":54,"column":25},"end":{"line":54,"column":null}}},"8":{"name":"(anonymous_9)","decl":{"start":{"line":54,"column":34},"end":{"line":54,"column":35}},"loc":{"start":{"line":54,"column":42},"end":{"line":54,"column":null}}},"9":{"name":"(anonymous_10)","decl":{"start":{"line":58,"column":25},"end":{"line":58,"column":26}},"loc":{"start":{"line":58,"column":26},"end":{"line":62,"column":null}}},"10":{"name":"(anonymous_11)","decl":{"start":{"line":66,"column":23},"end":{"line":66,"column":30}},"loc":{"start":{"line":66,"column":30},"end":{"line":79,"column":null}}},"11":{"name":"(anonymous_12)","decl":{"start":{"line":68,"column":23},"end":{"line":68,"column":24}},"loc":{"start":{"line":68,"column":33},"end":{"line":68,"column":null}}},"12":{"name":"(anonymous_13)","decl":{"start":{"line":71,"column":15},"end":{"line":71,"column":16}},"loc":{"start":{"line":71,"column":25},"end":{"line":71,"column":null}}},"13":{"name":"(anonymous_14)","decl":{"start":{"line":71,"column":37},"end":{"line":71,"column":38}},"loc":{"start":{"line":71,"column":44},"end":{"line":71,"column":null}}},"14":{"name":"(anonymous_15)","decl":{"start":{"line":73,"column":25},"end":{"line":73,"column":26}},"loc":{"start":{"line":73,"column":26},"end":{"line":77,"column":null}}},"15":{"name":"(anonymous_16)","decl":{"start":{"line":82,"column":37},"end":{"line":82,"column":38}},"loc":{"start":{"line":82,"column":38},"end":{"line":85,"column":null}}},"16":{"name":"(anonymous_17)","decl":{"start":{"line":87,"column":46},"end":{"line":87,"column":47}},"loc":{"start":{"line":87,"column":50},"end":{"line":92,"column":null}}},"17":{"name":"(anonymous_18)","decl":{"start":{"line":97,"column":23},"end":{"line":97,"column":24}},"loc":{"start":{"line":97,"column":30},"end":{"line":97,"column":51}}},"18":{"name":"(anonymous_19)","decl":{"start":{"line":98,"column":23},"end":{"line":98,"column":24}},"loc":{"start":{"line":98,"column":30},"end":{"line":98,"column":51}}},"19":{"name":"(anonymous_20)","decl":{"start":{"line":99,"column":29},"end":{"line":99,"column":30}},"loc":{"start":{"line":99,"column":36},"end":{"line":99,"column":64}}},"20":{"name":"(anonymous_21)","decl":{"start":{"line":100,"column":30},"end":{"line":100,"column":31}},"loc":{"start":{"line":100,"column":37},"end":{"line":100,"column":58}}},"21":{"name":"(anonymous_22)","decl":{"start":{"line":100,"column":65},"end":{"line":100,"column":66}},"loc":{"start":{"line":100,"column":77},"end":{"line":100,"column":101}}},"22":{"name":"(anonymous_23)","decl":{"start":{"line":198,"column":28},"end":{"line":198,"column":34}},"loc":{"start":{"line":198,"column":34},"end":{"line":198,"column":null}}},"23":{"name":"(anonymous_24)","decl":{"start":{"line":198,"column":51},"end":{"line":198,"column":52}},"loc":{"start":{"line":198,"column":62},"end":{"line":198,"column":null}}},"24":{"name":"(anonymous_25)","decl":{"start":{"line":229,"column":33},"end":{"line":229,"column":34}},"loc":{"start":{"line":230,"column":18},"end":{"line":231,"column":null}}}},"branchMap":{"0":{"loc":{"start":{"line":54,"column":42},"end":{"line":54,"column":null}},"type":"cond-expr","locations":[{"start":{"line":54,"column":56},"end":{"line":54,"column":70}},{"start":{"line":54,"column":70},"end":{"line":54,"column":null}}]},"1":{"loc":{"start":{"line":67,"column":4},"end":{"line":67,"column":null}},"type":"if","locations":[{"start":{"line":67,"column":4},"end":{"line":67,"column":null}},{"start":{},"end":{}}]},"2":{"loc":{"start":{"line":83,"column":4},"end":{"line":83,"column":null}},"type":"if","locations":[{"start":{"line":83,"column":4},"end":{"line":83,"column":null}},{"start":{},"end":{}}]},"3":{"loc":{"start":{"line":88,"column":4},"end":{"line":90,"column":null}},"type":"if","locations":[{"start":{"line":88,"column":4},"end":{"line":90,"column":null}},{"start":{},"end":{}}]},"4":{"loc":{"start":{"line":198,"column":62},"end":{"line":198,"column":null}},"type":"cond-expr","locations":[{"start":{"line":198,"column":79},"end":{"line":198,"column":88}},{"start":{"line":198,"column":88},"end":{"line":198,"column":null}}]},"5":{"loc":{"start":{"line":201,"column":13},"end":{"line":201,"column":null}},"type":"binary-expr","locations":[{"start":{"line":201,"column":13},"end":{"line":201,"column":null}}]},"6":{"loc":{"start":{"line":211,"column":14},"end":{"line":215,"column":28}},"type":"cond-expr","locations":[{"start":{"line":211,"column":14},"end":{"line":215,"column":28}}]},"7":{"loc":{"start":{"line":216,"column":14},"end":{"line":228,"column":15}},"type":"cond-expr","locations":[{"start":{"line":216,"column":14},"end":{"line":228,"column":15}}]},"8":{"loc":{"start":{"line":222,"column":19},"end":{"line":224,"column":null}},"type":"cond-expr","locations":[{"start":{"line":223,"column":22},"end":{"line":223,"column":77}},{"start":{"line":224,"column":22},"end":{"line":224,"column":null}}]}},"s":{"0":15,"1":1,"2":1,"3":1,"4":1,"5":1,"6":1,"7":38,"8":38,"9":38,"10":38,"11":38,"12":38,"13":38,"14":15,"15":16,"16":16,"17":16,"18":13,"19":13,"20":2,"21":15,"22":38,"23":1,"24":1,"25":1,"26":1,"27":0,"28":38,"29":1,"30":1,"31":1,"32":1,"33":1,"34":1,"35":1,"36":0,"37":1,"38":1,"39":1,"40":1,"41":38,"42":1,"43":0,"44":1,"45":1,"46":1,"47":1,"48":1,"49":1,"50":1,"51":1,"52":1,"53":1,"54":1,"55":38,"56":35,"57":31,"58":4,"59":38,"60":31,"61":3,"62":28,"63":38,"64":35,"65":35,"66":35,"67":35,"68":26,"69":1,"70":1,"71":32},"f":{"0":38,"1":15,"2":16,"3":1,"4":1,"5":1,"6":1,"7":1,"8":1,"9":1,"10":1,"11":1,"12":1,"13":1,"14":1,"15":35,"16":31,"17":35,"18":35,"19":35,"20":35,"21":26,"22":1,"23":1,"24":32},"b":{"0":[1,0],"1":[0,1],"2":[31,4],"3":[3,28],"4":[0,1],"5":[38],"6":[16],"7":[6],"8":[1,5]}}
,"/home/runner/work/studybuddy-workshop/studybuddy-workshop/frontend/components/task-card.tsx": {"path":"/home/runner/work/studybuddy-workshop/studybuddy-workshop/frontend/components/task-card.tsx","statementMap":{"0":{"start":{"line":12,"column":16},"end":{"line":12,"column":25}},"1":{"start":{"line":3,"column":40},"end":{"line":3,"column":null}},"2":{"start":{"line":13,"column":23},"end":{"line":17,"column":null}},"3":{"start":{"line":19,"column":22},"end":{"line":23,"column":null}},"4":{"start":{"line":40,"column":25},"end":{"line":40,"column":null}},"5":{"start":{"line":73,"column":29},"end":{"line":73,"column":null}},"6":{"start":{"line":81,"column":29},"end":{"line":81,"column":null}},"7":{"start":{"line":89,"column":29},"end":{"line":89,"column":null}}},"fnMap":{"0":{"name":"TaskCard","decl":{"start":{"line":12,"column":16},"end":{"line":12,"column":25}},"loc":{"start":{"line":12,"column":86},"end":{"line":99,"column":null}}},"1":{"name":"(anonymous_2)","decl":{"start":{"line":40,"column":19},"end":{"line":40,"column":25}},"loc":{"start":{"line":40,"column":25},"end":{"line":40,"column":null}}},"2":{"name":"(anonymous_3)","decl":{"start":{"line":73,"column":23},"end":{"line":73,"column":29}},"loc":{"start":{"line":73,"column":29},"end":{"line":73,"column":null}}},"3":{"name":"(anonymous_4)","decl":{"start":{"line":81,"column":23},"end":{"line":81,"column":29}},"loc":{"start":{"line":81,"column":29},"end":{"line":81,"column":null}}},"4":{"name":"(anonymous_5)","decl":{"start":{"line":89,"column":23},"end":{"line":89,"column":29}},"loc":{"start":{"line":89,"column":29},"end":{"line":89,"column":null}}}},"branchMap":{"0":{"loc":{"start":{"line":27,"column":170},"end":{"line":27,"column":222}},"type":"cond-expr","locations":[{"start":{"line":27,"column":183},"end":{"line":27,"column":218}},{"start":{"line":27,"column":218},"end":{"line":27,"column":222}}]},"1":{"loc":{"start":{"line":34,"column":11},"end":{"line":34,"column":null}},"type":"binary-expr","locations":[{"start":{"line":34,"column":11},"end":{"line":34,"column":37}},{"start":{"line":34,"column":37},"end":{"line":34,"column":null}}]},"2":{"loc":{"start":{"line":35,"column":11},"end":{"line":35,"column":null}},"type":"binary-expr","locations":[{"start":{"line":35,"column":11},"end":{"line":35,"column":44}},{"start":{"line":35,"column":44},"end":{"line":35,"column":null}}]},"3":{"loc":{"start":{"line":36,"column":11},"end":{"line":36,"column":null}},"type":"binary-expr","locations":[{"start":{"line":36,"column":11},"end":{"line":36,"column":37}},{"start":{"line":36,"column":37},"end":{"line":36,"column":null}}]},"4":{"loc":{"start":{"line":51,"column":75},"end":{"line":51,"column":132}},"type":"cond-expr","locations":[{"start":{"line":51,"column":100},"end":{"line":51,"column":128}},{"start":{"line":51,"column":128},"end":{"line":51,"column":132}}]},"5":{"loc":{"start":{"line":71,"column":11},"end":{"line":71,"column":null}},"type":"binary-expr","locations":[{"start":{"line":71,"column":11},"end":{"line":71,"column":null}}]},"6":{"loc":{"start":{"line":79,"column":11},"end":{"line":79,"column":null}},"type":"binary-expr","locations":[{"start":{"line":79,"column":11},"end":{"line":79,"column":null}}]},"7":{"loc":{"start":{"line":87,"column":11},"end":{"line":87,"column":null}},"type":"binary-expr","locations":[{"start":{"line":87,"column":11},"end":{"line":87,"column":null}}]}},"s":{"0":45,"1":2,"2":45,"3":45,"4":3,"5":0,"6":2,"7":1},"f":{"0":45,"1":3,"2":0,"3":2,"4":1},"b":{"0":[3,42],"1":[45,23],"2":[45,11],"3":[45,11],"4":[11,34],"5":[45],"6":[45],"7":[45]}}
,"/home/runner/work/studybuddy-workshop/studybuddy-workshop/frontend/components/task-filters.tsx": {"path":"/home/runner/work/studybuddy-workshop/studybuddy-workshop/frontend/components/task-filters.tsx","statementMap":{"0":{"start":{"line":12,"column":16},"end":{"line":12,"column":28}},"1":{"start":{"line":3,"column":35},"end":{"line":3,"column":null}},"2":{"start":{"line":13,"column":58},"end":{"line":18,"column":null}},"3":{"start":{"line":25,"column":10},"end":{"line":26,"column":null}},"4":{"start":{"line":27,"column":27},"end":{"line":27,"column":null}}},"fnMap":{"0":{"name":"TaskFilters","decl":{"start":{"line":12,"column":16},"end":{"line":12,"column":28}},"loc":{"start":{"line":12,"column":108},"end":{"line":53,"column":null}}},"1":{"name":"(anonymous_2)","decl":{"start":{"line":24,"column":21},"end":{"line":24,"column":22}},"loc":{"start":{"line":25,"column":10},"end":{"line":26,"column":null}}},"2":{"name":"(anonymous_3)","decl":{"start":{"line":27,"column":21},"end":{"line":27,"column":27}},"loc":{"start":{"line":27,"column":27},"end":{"line":27,"column":null}}}},"branchMap":{"0":{"loc":{"start":{"line":29,"column":14},"end":{"line":31,"column":null}},"type":"cond-expr","locations":[{"start":{"line":30,"column":18},"end":{"line":30,"column":null}},{"start":{"line":31,"column":18},"end":{"line":31,"column":null}}]},"1":{"loc":{"start":{"line":35,"column":13},"end":{"line":35,"column":43}},"type":"binary-expr","locations":[{"start":{"line":35,"column":13},"end":{"line":35,"column":43}}]},"2":{"loc":{"start":{"line":47,"column":11},"end":{"line":47,"column":null}},"type":"cond-expr","locations":[{"start":{"line":47,"column":37},"end":{"line":47,"column":56}},{"start":{"line":47,"column":56},"end":{"line":47,"column":null}}]}},"s":{"0":47,"1":2,"2":47,"3":188,"4":7},"f":{"0":47,"1":188,"2":7},"b":{"0":[47,141],"1":[188],"2":[2,45]}}
,"/home/runner/work/studybuddy-workshop/studybuddy-workshop/frontend/components/theme-provider.tsx": {"path":"/home/runner/work/studybuddy-workshop/studybuddy-workshop/frontend/components/theme-provider.tsx","statementMap":{"0":{"start":{"line":9,"column":16},"end":{"line":9,"column":30}},"1":{"start":{"line":3,"column":23},"end":{"line":3,"column":null}},"2":{"start":{"line":7,"column":7},"end":{"line":7,"column":null}}},"fnMap":{"0":{"name":"ThemeProvider","decl":{"start":{"line":9,"column":16},"end":{"line":9,"column":30}},"loc":{"start":{"line":9,"column":72},"end":{"line":11,"column":null}}}},"branchMap":{},"s":{"0":0,"1":0,"2":0},"f":{"0":0},"b":{}}
,"/home/runner/work/studybuddy-workshop/studybuddy-workshop/frontend/lib/api.ts": {"path":"/home/runner/work/studybuddy-workshop/studybuddy-workshop/frontend/lib/api.ts","statementMap":{"0":{"start":{"line":15,"column":22},"end":{"line":15,"column":33}},"1":{"start":{"line":47,"column":22},"end":{"line":47,"column":33}},"2":{"start":{"line":7,"column":22},"end":{"line":7,"column":null}},"3":{"start":{"line":31,"column":22},"end":{"line":31,"column":39}},"4":{"start":{"line":3,"column":21},"end":{"line":3,"column":null}},"5":{"start":{"line":8,"column":14},"end":{"line":8,"column":null}},"6":{"start":{"line":9,"column":2},"end":{"line":11,"column":null}},"7":{"start":{"line":10,"column":4},"end":{"line":10,"column":null}},"8":{"start":{"line":12,"column":2},"end":{"line":12,"column":null}},"9":{"start":{"line":16,"column":14},"end":{"line":22,"column":null}},"10":{"start":{"line":24,"column":2},"end":{"line":26,"column":null}},"11":{"start":{"line":25,"column":4},"end":{"line":25,"column":null}},"12":{"start":{"line":28,"column":2},"end":{"line":28,"column":null}},"13":{"start":{"line":32,"column":14},"end":{"line":38,"column":null}},"14":{"start":{"line":40,"column":2},"end":{"line":42,"column":null}},"15":{"start":{"line":41,"column":4},"end":{"line":41,"column":null}},"16":{"start":{"line":44,"column":2},"end":{"line":44,"column":null}},"17":{"start":{"line":48,"column":14},"end":{"line":50,"column":null}},"18":{"start":{"line":52,"column":2},"end":{"line":54,"column":null}},"19":{"start":{"line":53,"column":4},"end":{"line":53,"column":null}}},"fnMap":{"0":{"name":"fetchTasks","decl":{"start":{"line":7,"column":22},"end":{"line":7,"column":null}},"loc":{"start":{"line":7,"column":22},"end":{"line":13,"column":null}}},"1":{"name":"createTask","decl":{"start":{"line":15,"column":22},"end":{"line":15,"column":33}},"loc":{"start":{"line":15,"column":55},"end":{"line":29,"column":null}}},"2":{"name":"updateTaskStatus","decl":{"start":{"line":31,"column":22},"end":{"line":31,"column":39}},"loc":{"start":{"line":31,"column":69},"end":{"line":45,"column":null}}},"3":{"name":"deleteTask","decl":{"start":{"line":47,"column":22},"end":{"line":47,"column":33}},"loc":{"start":{"line":47,"column":43},"end":{"line":55,"column":null}}}},"branchMap":{"0":{"loc":{"start":{"line":3,"column":21},"end":{"line":3,"column":null}},"type":"binary-expr","locations":[{"start":{"line":3,"column":21},"end":{"line":3,"column":52}},{"start":{"line":3,"column":56},"end":{"line":3,"column":null}}]},"1":{"loc":{"start":{"line":9,"column":2},"end":{"line":11,"column":null}},"type":"if","locations":[{"start":{"line":9,"column":2},"end":{"line":11,"column":null}},{"start":{},"end":{}}]},"2":{"loc":{"start":{"line":24,"column":2},"end":{"line":26,"column":null}},"type":"if","locations":[{"start":{"line":24,"column":2},"end":{"line":26,"column":null}},{"start":{},"end":{}}]},"3":{"loc":{"start":{"line":40,"column":2},"end":{"line":42,"column":null}},"type":"if","locations":[{"start":{"line":40,"column":2},"end":{"line":42,"column":null}},{"start":{},"end":{}}]},"4":{"loc":{"start":{"line":52,"column":2},"end":{"line":54,"column":null}},"type":"if","locations":[{"start":{"line":52,"column":2},"end":{"line":54,"column":null}},{"start":{},"end":{}}]}},"s":{"0":3,"1":3,"2":3,"3":3,"4":2,"5":2,"6":2,"7":1,"8":1,"9":2,"10":2,"11":1,"12":1,"13":2,"14":2,"15":1,"16":1,"17":2,"18":2,"19":1},"f":{"0":2,"1":2,"2":2,"3":2},"b":{"0":[2,2],"1":[1,1],"2":[1,1],"3":[1,1],"4":[1,1]}}
,"/home/runner/work/studybuddy-workshop/studybuddy-workshop/frontend/lib/utils.ts": {"path":"/home/runner/work/studybuddy-workshop/studybuddy-workshop/frontend/lib/utils.ts","statementMap":{"0":{"start":{"line":4,"column":16},"end":{"line":4,"column":19}},"1":{"start":{"line":1,"column":38},"end":{"line":1,"column":null}},"2":{"start":{"line":2,"column":24},"end":{"line":2,"column":null}},"3":{"start":{"line":5,"column":2},"end":{"line":5,"column":null}}},"fnMap":{"0":{"name":"cn","decl":{"start":{"line":4,"column":16},"end":{"line":4,"column":19}},"loc":{"start":{"line":4,"column":42},"end":{"line":6,"column":null}}}},"branchMap":{},"s":{"0":0,"1":0,"2":0,"3":0},"f":{"0":0},"b":{}}
}
