TN:
SF:app/layout.tsx
FN:33,RootLayout
FNF:1
FNH:0
FNDA:0,RootLayout
DA:3,0
DA:4,0
DA:5,0
DA:7,0
DA:8,0
DA:10,0
DA:33,0
LF:7
LH:0
BRF:0
BRH:0
end_of_record
TN:
SF:app/page.tsx
FN:3,Page
FNF:1
FNH:0
FNDA:0,Page
DA:1,0
DA:3,0
DA:4,0
LF:3
LH:0
BRF:0
BRH:0
end_of_record
TN:
SF:components/add-task-form.tsx
FN:12,AddTaskForm
FN:22,(anonymous_2)
FN:48,(anonymous_3)
FN:67,(anonymous_4)
FN:85,(anonymous_5)
FN:85,(anonymous_6)
FN:103,(anonymous_7)
FN:103,(anonymous_8)
FN:127,(anonymous_9)
FN:127,(anonymous_10)
FNF:10
FNH:10
FNDA:165,AddTaskForm
FNDA:4,(anonymous_2)
FNDA:9,(anonymous_3)
FNDA:1,(anonymous_4)
FNDA:57,(anonymous_5)
FNDA:57,(anonymous_6)
FNDA:33,(anonymous_7)
FNDA:33,(anonymous_8)
FNDA:11,(anonymous_9)
FNDA:11,(anonymous_10)
DA:4,2
DA:6,2
DA:12,47
DA:13,165
DA:14,165
DA:16,165
DA:22,165
DA:23,4
DA:24,4
DA:26,4
DA:27,4
DA:29,4
DA:30,4
DA:31,4
DA:38,4
DA:39,4
DA:41,4
DA:45,165
DA:48,9
DA:67,1
DA:85,57
DA:103,33
DA:127,11
LF:23
LH:23
BRDA:24,0,0,0
BRDA:24,0,1,4
BRDA:24,1,0,4
BRDA:24,1,1,4
BRDA:24,1,2,4
BRDA:27,2,0,0
BRDA:27,2,1,4
BRDA:27,3,0,4
BRDA:27,3,1,4
BRDA:45,4,0,51
BRDA:45,4,1,114
BRDA:138,5,0,4
BRDA:138,5,1,110
BRF:13
BRH:11
end_of_record
TN:
SF:components/study-dashboard.tsx
FN:11,StudyDashboard
FN:22,(anonymous_2)
FN:26,loadTasks
FN:40,(anonymous_4)
FN:44,(anonymous_5)
FN:50,(anonymous_6)
FN:51,(anonymous_7)
FN:54,(anonymous_8)
FN:54,(anonymous_9)
FN:58,(anonymous_10)
FN:66,(anonymous_11)
FN:68,(anonymous_12)
FN:71,(anonymous_13)
FN:71,(anonymous_14)
FN:73,(anonymous_15)
FN:82,(anonymous_16)
FN:87,(anonymous_17)
FN:97,(anonymous_18)
FN:98,(anonymous_19)
FN:99,(anonymous_20)
FN:100,(anonymous_21)
FN:100,(anonymous_22)
FN:198,(anonymous_23)
FN:198,(anonymous_24)
FN:229,(anonymous_25)
FNF:25
FNH:25
FNDA:38,StudyDashboard
FNDA:15,(anonymous_2)
FNDA:16,loadTasks
FNDA:1,(anonymous_4)
FNDA:1,(anonymous_5)
FNDA:1,(anonymous_6)
FNDA:1,(anonymous_7)
FNDA:1,(anonymous_8)
FNDA:1,(anonymous_9)
FNDA:1,(anonymous_10)
FNDA:1,(anonymous_11)
FNDA:1,(anonymous_12)
FNDA:1,(anonymous_13)
FNDA:1,(anonymous_14)
FNDA:1,(anonymous_15)
FNDA:35,(anonymous_16)
FNDA:31,(anonymous_17)
FNDA:35,(anonymous_18)
FNDA:35,(anonymous_19)
FNDA:35,(anonymous_20)
FNDA:35,(anonymous_21)
FNDA:26,(anonymous_22)
FNDA:1,(anonymous_23)
FNDA:1,(anonymous_24)
FNDA:32,(anonymous_25)
DA:3,1
DA:5,1
DA:6,1
DA:7,1
DA:8,1
DA:9,1
DA:11,15
DA:13,38
DA:14,38
DA:15,38
DA:17,38
DA:18,38
DA:19,38
DA:22,38
DA:23,15
DA:27,16
DA:28,16
DA:29,16
DA:30,13
DA:31,13
DA:33,2
DA:35,15
DA:40,38
DA:41,1
DA:43,1
DA:44,1
DA:46,0
DA:50,38
DA:51,1
DA:52,1
DA:53,1
DA:54,1
DA:56,0
DA:58,1
DA:59,1
DA:60,1
DA:61,1
DA:66,38
DA:67,1
DA:68,1
DA:69,1
DA:70,1
DA:71,1
DA:73,1
DA:74,1
DA:75,1
DA:76,1
DA:82,38
DA:83,35
DA:84,4
DA:87,38
DA:88,31
DA:89,3
DA:91,28
DA:95,38
DA:97,35
DA:98,35
DA:99,35
DA:100,35
DA:198,1
DA:230,32
LF:61
LH:59
BRDA:54,0,0,1
BRDA:54,0,1,0
BRDA:67,1,0,0
BRDA:67,1,1,1
BRDA:83,2,0,31
BRDA:83,2,1,4
BRDA:88,3,0,3
BRDA:88,3,1,28
BRDA:198,4,0,0
BRDA:198,4,1,1
BRDA:201,5,0,38
BRDA:211,6,0,16
BRDA:216,7,0,6
BRDA:222,8,0,1
BRDA:222,8,1,5
BRF:15
BRH:12
end_of_record
TN:
SF:components/task-card.tsx
FN:12,TaskCard
FN:40,(anonymous_2)
FN:73,(anonymous_3)
FN:81,(anonymous_4)
FN:89,(anonymous_5)
FNF:5
FNH:4
FNDA:45,TaskCard
FNDA:3,(anonymous_2)
FNDA:0,(anonymous_3)
FNDA:2,(anonymous_4)
FNDA:1,(anonymous_5)
DA:3,2
DA:12,45
DA:13,45
DA:19,45
DA:40,3
DA:73,0
DA:81,2
DA:89,1
LF:8
LH:7
BRDA:27,0,0,3
BRDA:27,0,1,42
BRDA:34,1,0,45
BRDA:34,1,1,23
BRDA:35,2,0,45
BRDA:35,2,1,11
BRDA:36,3,0,45
BRDA:36,3,1,11
BRDA:51,4,0,11
BRDA:51,4,1,34
BRDA:71,5,0,45
BRDA:79,6,0,45
BRDA:87,7,0,45
BRF:13
BRH:13
end_of_record
TN:
SF:components/task-filters.tsx
FN:12,TaskFilters
FN:24,(anonymous_2)
FN:27,(anonymous_3)
FNF:3
FNH:3
FNDA:47,TaskFilters
FNDA:188,(anonymous_2)
FNDA:7,(anonymous_3)
DA:3,2
DA:12,47
DA:13,47
DA:25,188
DA:27,7
LF:5
LH:5
BRDA:29,0,0,47
BRDA:29,0,1,141
BRDA:35,1,0,188
BRDA:47,2,0,2
BRDA:47,2,1,45
BRF:5
BRH:5
end_of_record
TN:
SF:components/theme-provider.tsx
FN:9,ThemeProvider
FNF:1
FNH:0
FNDA:0,ThemeProvider
DA:3,0
DA:7,0
DA:9,0
LF:3
LH:0
BRF:0
BRH:0
end_of_record
TN:
SF:lib/api.ts
FN:7,fetchTasks
FN:15,createTask
FN:31,updateTaskStatus
FN:47,deleteTask
FNF:4
FNH:4
FNDA:2,fetchTasks
FNDA:2,createTask
FNDA:2,updateTaskStatus
FNDA:2,deleteTask
DA:3,2
DA:7,3
DA:8,2
DA:9,2
DA:10,1
DA:12,1
DA:15,3
DA:16,2
DA:24,2
DA:25,1
DA:28,1
DA:31,3
DA:32,2
DA:40,2
DA:41,1
DA:44,1
DA:47,3
DA:48,2
DA:52,2
DA:53,1
LF:20
LH:20
BRDA:3,0,0,2
BRDA:3,0,1,2
BRDA:9,1,0,1
BRDA:9,1,1,1
BRDA:24,2,0,1
BRDA:24,2,1,1
BRDA:40,3,0,1
BRDA:40,3,1,1
BRDA:52,4,0,1
BRDA:52,4,1,1
BRF:10
BRH:10
end_of_record
TN:
SF:lib/utils.ts
FN:4,cn
FNF:1
FNH:0
FNDA:0,cn
DA:1,0
DA:2,0
DA:4,0
DA:5,0
LF:4
LH:0
BRF:0
BRH:0
end_of_record
